[Wed Mar 16 13:52:40.456271 2022] [authz_core:error] [pid 17666] [client ::1:46178] AH01630: client denied by server configuration: /home/marina/FRONTEND_COURSE/webpack/public/
[Wed Mar 16 13:52:40.507403 2022] [authz_core:error] [pid 17666] [client ::1:46178] AH01630: client denied by server configuration: /home/marina/FRONTEND_COURSE/webpack/public/favicon.ico, referer: http://webpacktest.localhost/
[Wed Mar 16 13:53:21.833601 2022] [authz_core:error] [pid 17668] [client ::1:46180] AH01630: client denied by server configuration: /home/marina/FRONTEND_COURSE/webpack/public/
[Wed Mar 16 13:53:21.898345 2022] [authz_core:error] [pid 17668] [client ::1:46180] AH01630: client denied by server configuration: /home/marina/FRONTEND_COURSE/webpack/public/favicon.ico, referer: http://webpacktest.localhost/
[Wed Mar 16 13:53:31.061621 2022] [authz_core:error] [pid 17667] [client ::1:46188] AH01630: client denied by server configuration: /home/marina/FRONTEND_COURSE/webpack/public/index.php
[Wed Mar 16 13:53:31.106931 2022] [authz_core:error] [pid 17667] [client ::1:46188] AH01630: client denied by server configuration: /home/marina/FRONTEND_COURSE/webpack/public/favicon.ico, referer: http://webpacktest.localhost/index.php
[Wed Mar 16 13:53:43.590482 2022] [authz_core:error] [pid 17665] [client ::1:46192] AH01630: client denied by server configuration: /home/marina/FRONTEND_COURSE/webpack/public/index.php
[Wed Mar 16 13:53:43.624297 2022] [authz_core:error] [pid 17665] [client ::1:46192] AH01630: client denied by server configuration: /home/marina/FRONTEND_COURSE/webpack/public/favicon.ico, referer: http://webpacktest.localhost/index.php
[Wed Mar 16 13:53:51.782481 2022] [authz_core:error] [pid 17907] [client ::1:46204] AH01630: client denied by server configuration: /home/marina/FRONTEND_COURSE/webpack/public/index.php
[Wed Mar 16 13:53:51.835660 2022] [authz_core:error] [pid 17907] [client ::1:46204] AH01630: client denied by server configuration: /home/marina/FRONTEND_COURSE/webpack/public/favicon.ico, referer: http://webpacktest.localhost/index.php
[Wed Mar 16 13:53:52.428827 2022] [authz_core:error] [pid 17907] [client ::1:46204] AH01630: client denied by server configuration: /home/marina/FRONTEND_COURSE/webpack/public/index.php
[Wed Mar 16 13:53:52.455951 2022] [authz_core:error] [pid 17907] [client ::1:46204] AH01630: client denied by server configuration: /home/marina/FRONTEND_COURSE/webpack/public/favicon.ico, referer: http://webpacktest.localhost/index.php
[Wed Mar 16 13:54:31.660302 2022] [authz_core:error] [pid 17909] [client ::1:46206] AH01630: client denied by server configuration: /home/marina/FRONTEND_COURSE/webpack/public/index.php
[Wed Mar 16 13:54:31.700568 2022] [authz_core:error] [pid 17909] [client ::1:46206] AH01630: client denied by server configuration: /home/marina/FRONTEND_COURSE/webpack/public/favicon.ico, referer: http://webpacktest.localhost/index.php
[Wed Mar 16 13:54:33.759519 2022] [authz_core:error] [pid 17909] [client ::1:46206] AH01630: client denied by server configuration: /home/marina/FRONTEND_COURSE/webpack/public/
[Wed Mar 16 13:54:33.784257 2022] [authz_core:error] [pid 17909] [client ::1:46206] AH01630: client denied by server configuration: /home/marina/FRONTEND_COURSE/webpack/public/favicon.ico, referer: http://webpacktest.localhost/
[Wed Mar 16 13:54:35.276099 2022] [authz_core:error] [pid 17909] [client ::1:46206] AH01630: client denied by server configuration: /home/marina/FRONTEND_COURSE/webpack/public/
[Wed Mar 16 13:54:35.348139 2022] [authz_core:error] [pid 17909] [client ::1:46206] AH01630: client denied by server configuration: /home/marina/FRONTEND_COURSE/webpack/public/favicon.ico, referer: http://webpacktest.localhost/
[Wed Mar 16 13:55:14.807347 2022] [authz_core:error] [pid 17908] [client ::1:46280] AH01630: client denied by server configuration: /home/marina/FRONTEND_COURSE/webpack/public/
[Wed Mar 16 13:55:14.855544 2022] [authz_core:error] [pid 17908] [client ::1:46280] AH01630: client denied by server configuration: /home/marina/FRONTEND_COURSE/webpack/public/favicon.ico, referer: http://webpacktest.localhost/
[Wed Mar 16 13:56:24.494515 2022] [authz_core:error] [pid 18509] [client ::1:47132] AH01630: client denied by server configuration: /home/marina/FRONTEND_COURSE/webpack/public/
[Wed Mar 16 13:56:24.548152 2022] [authz_core:error] [pid 18509] [client ::1:47132] AH01630: client denied by server configuration: /home/marina/FRONTEND_COURSE/webpack/public/favicon.ico, referer: http://webpacktest.localhost/
[Wed Mar 16 13:56:26.174045 2022] [authz_core:error] [pid 18509] [client ::1:47132] AH01630: client denied by server configuration: /home/marina/FRONTEND_COURSE/webpack/public/
[Wed Mar 16 13:56:26.218892 2022] [authz_core:error] [pid 18509] [client ::1:47132] AH01630: client denied by server configuration: /home/marina/FRONTEND_COURSE/webpack/public/favicon.ico, referer: http://webpacktest.localhost/
[Wed Mar 16 13:59:49.146311 2022] [authz_core:error] [pid 19186] [client ::1:48860] AH01630: client denied by server configuration: /home/marina/FRONTEND_COURSE/webpack/public/
[Wed Mar 16 13:59:49.765452 2022] [authz_core:error] [pid 19186] [client ::1:48860] AH01630: client denied by server configuration: /home/marina/FRONTEND_COURSE/webpack/public/favicon.ico, referer: http://webpacktest.localhost/
[Wed Mar 16 13:59:51.158177 2022] [authz_core:error] [pid 19186] [client ::1:48860] AH01630: client denied by server configuration: /home/marina/FRONTEND_COURSE/webpack/public/
[Wed Mar 16 13:59:51.762679 2022] [authz_core:error] [pid 19186] [client ::1:48860] AH01630: client denied by server configuration: /home/marina/FRONTEND_COURSE/webpack/public/favicon.ico, referer: http://webpacktest.localhost/
[Wed Mar 16 14:02:30.144764 2022] [authz_core:error] [pid 19742] [client ::1:50268] AH01630: client denied by server configuration: /home/marina/FRONTEND_COURSE/webpack/public/
[Wed Mar 16 14:02:30.782071 2022] [authz_core:error] [pid 19742] [client ::1:50268] AH01630: client denied by server configuration: /home/marina/FRONTEND_COURSE/webpack/public/favicon.ico, referer: http://webpacktest.localhost/
[Wed Mar 16 14:02:54.611925 2022] [authz_core:error] [pid 19744] [client ::1:50270] AH01630: client denied by server configuration: /home/marina/FRONTEND_COURSE/webpack/public/public
[Wed Mar 16 14:02:55.253806 2022] [authz_core:error] [pid 19744] [client ::1:50270] AH01630: client denied by server configuration: /home/marina/FRONTEND_COURSE/webpack/public/favicon.ico, referer: http://webpacktest.localhost/public/index.php
[Wed Mar 16 14:04:47.663929 2022] [authz_core:error] [pid 20182] [client ::1:51430] AH01630: client denied by server configuration: /home/marina/FRONTEND_COURSE/webpack/public/public
[Wed Mar 16 14:04:48.298835 2022] [authz_core:error] [pid 20182] [client ::1:51430] AH01630: client denied by server configuration: /home/marina/FRONTEND_COURSE/webpack/public/favicon.ico, referer: http://webpacktest.localhost/public/index.php
[Wed Mar 16 14:04:50.676313 2022] [authz_core:error] [pid 20182] [client ::1:51430] AH01630: client denied by server configuration: /home/marina/FRONTEND_COURSE/webpack/public/
[Wed Mar 16 14:04:51.321667 2022] [authz_core:error] [pid 20182] [client ::1:51430] AH01630: client denied by server configuration: /home/marina/FRONTEND_COURSE/webpack/public/favicon.ico, referer: http://webpacktest.localhost/
[Wed Mar 16 14:06:58.489880 2022] [authz_core:error] [pid 20711] [client ::1:52670] AH01630: client denied by server configuration: /home/marina/FRONTEND_COURSE/webpack/public/
[Wed Mar 16 14:06:59.132120 2022] [authz_core:error] [pid 20711] [client ::1:52670] AH01630: client denied by server configuration: /home/marina/FRONTEND_COURSE/webpack/public/favicon.ico, referer: http://webpacktest.localhost/
[Wed Mar 16 14:07:05.768458 2022] [authz_core:error] [pid 20712] [client ::1:52672] AH01630: client denied by server configuration: /home/marina/FRONTEND_COURSE/webpack/public/index.html
[Wed Mar 16 14:07:06.380721 2022] [authz_core:error] [pid 20712] [client ::1:52672] AH01630: client denied by server configuration: /home/marina/FRONTEND_COURSE/webpack/public/favicon.ico, referer: http://webpacktest.localhost/index.html
[Wed Mar 16 14:07:47.098726 2022] [authz_core:error] [pid 20962] [client ::1:53082] AH01630: client denied by server configuration: /home/marina/FRONTEND_COURSE/webpack/public/index.html
[Wed Mar 16 14:07:47.635781 2022] [authz_core:error] [pid 20962] [client ::1:53082] AH01630: client denied by server configuration: /home/marina/FRONTEND_COURSE/webpack/public/favicon.ico, referer: http://webpacktest.localhost/index.html
[Wed Mar 16 14:08:13.813558 2022] [authz_core:error] [pid 20966] [client ::1:53084] AH01630: client denied by server configuration: /home/marina/FRONTEND_COURSE/webpack/public/index.html
[Wed Mar 16 14:08:14.422192 2022] [authz_core:error] [pid 20966] [client ::1:53084] AH01630: client denied by server configuration: /home/marina/FRONTEND_COURSE/webpack/public/favicon.ico, referer: http://webpacktest.localhost/index.html
[Wed Mar 16 14:08:29.042304 2022] [authz_core:error] [pid 21200] [client ::1:53424] AH01630: client denied by server configuration: /home/marina/FRONTEND_COURSE/webpack/public/index.html
[Wed Mar 16 14:08:29.653265 2022] [authz_core:error] [pid 21200] [client ::1:53424] AH01630: client denied by server configuration: /home/marina/FRONTEND_COURSE/webpack/public/favicon.ico, referer: http://webpacktest.localhost/index.html
[Wed Mar 16 14:09:24.463448 2022] [authz_core:error] [pid 21203] [client ::1:53886] AH01630: client denied by server configuration: /home/marina/FRONTEND_COURSE/webpack/public/index.html
[Wed Mar 16 14:09:25.084464 2022] [authz_core:error] [pid 21203] [client ::1:53886] AH01630: client denied by server configuration: /home/marina/FRONTEND_COURSE/webpack/public/favicon.ico, referer: http://webpacktest.localhost/index.html
